Arguments: 
  /home/angel/.nvm/versions/node/v16.17.0/bin/node /home/angel/.nvm/versions/node/v16.17.0/bin/yarn create vite

PATH: 
  /home/angel/apps/mongodb-mongosh-shared-openssl3_1.5.1_amd64/data/usr/bin:/home/angel/.nvm/versions/node/v16.17.0/bin:/home/angel/.poetry/bin:/usr/local/sbin:/usr/local/bin:/usr/sbin:/usr/bin:/sbin:/bin:/usr/games:/usr/local/games:/snap/bin:/snap/bin:/home/angel/.dotnet/tools

Yarn version: 
  1.22.19

Node version: 
  16.17.0

Platform: 
  linux x64

Trace: 
  SyntaxError: /home/angel/dev/expressjs-api-structure/package.json: Unexpected end of JSON input
      at JSON.parse (<anonymous>)
      at /home/angel/.nvm/versions/node/v16.17.0/lib/node_modules/yarn/lib/cli.js:1629:59
      at Generator.next (<anonymous>)
      at step (/home/angel/.nvm/versions/node/v16.17.0/lib/node_modules/yarn/lib/cli.js:310:30)
      at /home/angel/.nvm/versions/node/v16.17.0/lib/node_modules/yarn/lib/cli.js:321:13

npm manifest: 
  

yarn manifest: 
  No manifest

Lockfile: 
  No lockfile
